Performing C SOURCE FILE Test HAVE_GCC_WDOCUMENTATION failed with the following output:
Change Dir: /home/luo980/gits/cam_utils/build/CMakeFiles/CMakeScratch/TryCompile-4i1Myv

Run Build Command(s):/usr/bin/gmake -f Makefile cmTC_f6822/fast && /usr/bin/gmake  -f CMakeFiles/cmTC_f6822.dir/build.make CMakeFiles/cmTC_f6822.dir/build
gmake[1]: Entering directory '/home/luo980/gits/cam_utils/build/CMakeFiles/CMakeScratch/TryCompile-4i1Myv'
Building C object CMakeFiles/cmTC_f6822.dir/src.c.o
/usr/bin/cc -DHAVE_GCC_WDOCUMENTATION  -D_GNU_SOURCE=1   -Wdocumentation -o CMakeFiles/cmTC_f6822.dir/src.c.o -c /home/luo980/gits/cam_utils/build/CMakeFiles/CMakeScratch/TryCompile-4i1Myv/src.c
cc: error: unrecognized command-line option '-Wdocumentation'
gmake[1]: *** [CMakeFiles/cmTC_f6822.dir/build.make:78: CMakeFiles/cmTC_f6822.dir/src.c.o] Error 1
gmake[1]: Leaving directory '/home/luo980/gits/cam_utils/build/CMakeFiles/CMakeScratch/TryCompile-4i1Myv'
gmake: *** [Makefile:127: cmTC_f6822/fast] Error 2


Source file was:
int main(void) { return 0; }

Performing C SOURCE FILE Test HAVE_GCC_WDOCUMENTATION_UNKNOWN_COMMAND failed with the following output:
Change Dir: /home/luo980/gits/cam_utils/build/CMakeFiles/CMakeScratch/TryCompile-5SGVJV

Run Build Command(s):/usr/bin/gmake -f Makefile cmTC_b99ba/fast && /usr/bin/gmake  -f CMakeFiles/cmTC_b99ba.dir/build.make CMakeFiles/cmTC_b99ba.dir/build
gmake[1]: Entering directory '/home/luo980/gits/cam_utils/build/CMakeFiles/CMakeScratch/TryCompile-5SGVJV'
Building C object CMakeFiles/cmTC_b99ba.dir/src.c.o
/usr/bin/cc -DHAVE_GCC_WDOCUMENTATION_UNKNOWN_COMMAND  -D_GNU_SOURCE=1   -Wdocumentation-unknown-command -o CMakeFiles/cmTC_b99ba.dir/src.c.o -c /home/luo980/gits/cam_utils/build/CMakeFiles/CMakeScratch/TryCompile-5SGVJV/src.c
cc: error: unrecognized command-line option '-Wdocumentation-unknown-command'
gmake[1]: *** [CMakeFiles/cmTC_b99ba.dir/build.make:78: CMakeFiles/cmTC_b99ba.dir/src.c.o] Error 1
gmake[1]: Leaving directory '/home/luo980/gits/cam_utils/build/CMakeFiles/CMakeScratch/TryCompile-5SGVJV'
gmake: *** [Makefile:127: cmTC_b99ba/fast] Error 2


Source file was:
int main(void) { return 0; }

Performing C SOURCE FILE Test HAVE_GCC_COMMENT_BLOCK_COMMANDS failed with the following output:
Change Dir: /home/luo980/gits/cam_utils/build/CMakeFiles/CMakeScratch/TryCompile-F5G9sC

Run Build Command(s):/usr/bin/gmake -f Makefile cmTC_6eff4/fast && /usr/bin/gmake  -f CMakeFiles/cmTC_6eff4.dir/build.make CMakeFiles/cmTC_6eff4.dir/build
gmake[1]: Entering directory '/home/luo980/gits/cam_utils/build/CMakeFiles/CMakeScratch/TryCompile-F5G9sC'
Building C object CMakeFiles/cmTC_6eff4.dir/src.c.o
/usr/bin/cc -DHAVE_GCC_COMMENT_BLOCK_COMMANDS  -D_GNU_SOURCE=1   -fcomment-block-commands=threadsafety -o CMakeFiles/cmTC_6eff4.dir/src.c.o -c /home/luo980/gits/cam_utils/build/CMakeFiles/CMakeScratch/TryCompile-F5G9sC/src.c
cc: error: unrecognized command-line option '-fcomment-block-commands=threadsafety'
gmake[1]: *** [CMakeFiles/cmTC_6eff4.dir/build.make:78: CMakeFiles/cmTC_6eff4.dir/src.c.o] Error 1
gmake[1]: Leaving directory '/home/luo980/gits/cam_utils/build/CMakeFiles/CMakeScratch/TryCompile-F5G9sC'
gmake: *** [Makefile:127: cmTC_6eff4/fast] Error 2


Source file was:
int main(void) { return 0; }

Performing C SOURCE FILE Test HAVE_CLANG_COMMENT_BLOCK_COMMANDS failed with the following output:
Change Dir: /home/luo980/gits/cam_utils/build/CMakeFiles/CMakeScratch/TryCompile-88uHNx

Run Build Command(s):/usr/bin/gmake -f Makefile cmTC_918ad/fast && /usr/bin/gmake  -f CMakeFiles/cmTC_918ad.dir/build.make CMakeFiles/cmTC_918ad.dir/build
gmake[1]: Entering directory '/home/luo980/gits/cam_utils/build/CMakeFiles/CMakeScratch/TryCompile-88uHNx'
Building C object CMakeFiles/cmTC_918ad.dir/src.c.o
/usr/bin/cc -DHAVE_CLANG_COMMENT_BLOCK_COMMANDS  -D_GNU_SOURCE=1   /clang:-fcomment-block-commands=threadsafety -o CMakeFiles/cmTC_918ad.dir/src.c.o -c /home/luo980/gits/cam_utils/build/CMakeFiles/CMakeScratch/TryCompile-88uHNx/src.c
cc: warning: /clang:-fcomment-block-commands=threadsafety: linker input file unused because linking not done
cc: error: /clang:-fcomment-block-commands=threadsafety: linker input file not found: No such file or directory
gmake[1]: *** [CMakeFiles/cmTC_918ad.dir/build.make:78: CMakeFiles/cmTC_918ad.dir/src.c.o] Error 1
gmake[1]: *** Deleting file 'CMakeFiles/cmTC_918ad.dir/src.c.o'
gmake[1]: Leaving directory '/home/luo980/gits/cam_utils/build/CMakeFiles/CMakeScratch/TryCompile-88uHNx'
gmake: *** [Makefile:127: cmTC_918ad/fast] Error 2


Source file was:
int main(void) { return 0; }

Determining if the _i64toa exist failed with the following output:
Change Dir: /home/luo980/gits/cam_utils/build/CMakeFiles/CMakeScratch/TryCompile-mtgE3G

Run Build Command(s):/usr/bin/gmake -f Makefile cmTC_72e2e/fast && /usr/bin/gmake  -f CMakeFiles/cmTC_72e2e.dir/build.make CMakeFiles/cmTC_72e2e.dir/build
gmake[1]: Entering directory '/home/luo980/gits/cam_utils/build/CMakeFiles/CMakeScratch/TryCompile-mtgE3G'
Building C object CMakeFiles/cmTC_72e2e.dir/CheckSymbolExists.c.o
/usr/bin/cc   -D_GNU_SOURCE=1 -o CMakeFiles/cmTC_72e2e.dir/CheckSymbolExists.c.o -c /home/luo980/gits/cam_utils/build/CMakeFiles/CMakeScratch/TryCompile-mtgE3G/CheckSymbolExists.c
/home/luo980/gits/cam_utils/build/CMakeFiles/CMakeScratch/TryCompile-mtgE3G/CheckSymbolExists.c: In function ‘main’:
/home/luo980/gits/cam_utils/build/CMakeFiles/CMakeScratch/TryCompile-mtgE3G/CheckSymbolExists.c:26:19: error: ‘_i64toa’ undeclared (first use in this function)
   26 |   return ((int*)(&_i64toa))[argc];
      |                   ^~~~~~~
/home/luo980/gits/cam_utils/build/CMakeFiles/CMakeScratch/TryCompile-mtgE3G/CheckSymbolExists.c:26:19: note: each undeclared identifier is reported only once for each function it appears in
gmake[1]: *** [CMakeFiles/cmTC_72e2e.dir/build.make:78: CMakeFiles/cmTC_72e2e.dir/CheckSymbolExists.c.o] Error 1
gmake[1]: Leaving directory '/home/luo980/gits/cam_utils/build/CMakeFiles/CMakeScratch/TryCompile-mtgE3G'
gmake: *** [Makefile:127: cmTC_72e2e/fast] Error 2


File CheckSymbolExists.c:
/* */
#include <float.h>
#include <iconv.h>
#include <inttypes.h>
#include <limits.h>
#include <malloc.h>
#include <math.h>
#include <memory.h>
#include <signal.h>
#include <stdarg.h>
#include <stdbool.h>
#include <stddef.h>
#include <stdint.h>
#include <stdio.h>
#include <stdlib.h>
#include <string.h>
#include <strings.h>
#include <sys/types.h>
#include <time.h>
#include <wchar.h>

int main(int argc, char** argv)
{
  (void)argv;
#ifndef _i64toa
  return ((int*)(&_i64toa))[argc];
#else
  (void)argc;
  return 0;
#endif
}
Determining if the itoa exist failed with the following output:
Change Dir: /home/luo980/gits/cam_utils/build/CMakeFiles/CMakeScratch/TryCompile-7vuq4e

Run Build Command(s):/usr/bin/gmake -f Makefile cmTC_97f5a/fast && /usr/bin/gmake  -f CMakeFiles/cmTC_97f5a.dir/build.make CMakeFiles/cmTC_97f5a.dir/build
gmake[1]: Entering directory '/home/luo980/gits/cam_utils/build/CMakeFiles/CMakeScratch/TryCompile-7vuq4e'
Building C object CMakeFiles/cmTC_97f5a.dir/CheckSymbolExists.c.o
/usr/bin/cc   -D_GNU_SOURCE=1 -o CMakeFiles/cmTC_97f5a.dir/CheckSymbolExists.c.o -c /home/luo980/gits/cam_utils/build/CMakeFiles/CMakeScratch/TryCompile-7vuq4e/CheckSymbolExists.c
/home/luo980/gits/cam_utils/build/CMakeFiles/CMakeScratch/TryCompile-7vuq4e/CheckSymbolExists.c: In function ‘main’:
/home/luo980/gits/cam_utils/build/CMakeFiles/CMakeScratch/TryCompile-7vuq4e/CheckSymbolExists.c:26:19: error: ‘itoa’ undeclared (first use in this function)
   26 |   return ((int*)(&itoa))[argc];
      |                   ^~~~
/home/luo980/gits/cam_utils/build/CMakeFiles/CMakeScratch/TryCompile-7vuq4e/CheckSymbolExists.c:26:19: note: each undeclared identifier is reported only once for each function it appears in
gmake[1]: *** [CMakeFiles/cmTC_97f5a.dir/build.make:78: CMakeFiles/cmTC_97f5a.dir/CheckSymbolExists.c.o] Error 1
gmake[1]: Leaving directory '/home/luo980/gits/cam_utils/build/CMakeFiles/CMakeScratch/TryCompile-7vuq4e'
gmake: *** [Makefile:127: cmTC_97f5a/fast] Error 2


File CheckSymbolExists.c:
/* */
#include <float.h>
#include <iconv.h>
#include <inttypes.h>
#include <limits.h>
#include <malloc.h>
#include <math.h>
#include <memory.h>
#include <signal.h>
#include <stdarg.h>
#include <stdbool.h>
#include <stddef.h>
#include <stdint.h>
#include <stdio.h>
#include <stdlib.h>
#include <string.h>
#include <strings.h>
#include <sys/types.h>
#include <time.h>
#include <wchar.h>

int main(int argc, char** argv)
{
  (void)argv;
#ifndef itoa
  return ((int*)(&itoa))[argc];
#else
  (void)argc;
  return 0;
#endif
}
Determining if the _ltoa exist failed with the following output:
Change Dir: /home/luo980/gits/cam_utils/build/CMakeFiles/CMakeScratch/TryCompile-bM5tNo

Run Build Command(s):/usr/bin/gmake -f Makefile cmTC_145a4/fast && /usr/bin/gmake  -f CMakeFiles/cmTC_145a4.dir/build.make CMakeFiles/cmTC_145a4.dir/build
gmake[1]: Entering directory '/home/luo980/gits/cam_utils/build/CMakeFiles/CMakeScratch/TryCompile-bM5tNo'
Building C object CMakeFiles/cmTC_145a4.dir/CheckSymbolExists.c.o
/usr/bin/cc   -D_GNU_SOURCE=1 -o CMakeFiles/cmTC_145a4.dir/CheckSymbolExists.c.o -c /home/luo980/gits/cam_utils/build/CMakeFiles/CMakeScratch/TryCompile-bM5tNo/CheckSymbolExists.c
/home/luo980/gits/cam_utils/build/CMakeFiles/CMakeScratch/TryCompile-bM5tNo/CheckSymbolExists.c: In function ‘main’:
/home/luo980/gits/cam_utils/build/CMakeFiles/CMakeScratch/TryCompile-bM5tNo/CheckSymbolExists.c:26:19: error: ‘_ltoa’ undeclared (first use in this function)
   26 |   return ((int*)(&_ltoa))[argc];
      |                   ^~~~~
/home/luo980/gits/cam_utils/build/CMakeFiles/CMakeScratch/TryCompile-bM5tNo/CheckSymbolExists.c:26:19: note: each undeclared identifier is reported only once for each function it appears in
gmake[1]: *** [CMakeFiles/cmTC_145a4.dir/build.make:78: CMakeFiles/cmTC_145a4.dir/CheckSymbolExists.c.o] Error 1
gmake[1]: Leaving directory '/home/luo980/gits/cam_utils/build/CMakeFiles/CMakeScratch/TryCompile-bM5tNo'
gmake: *** [Makefile:127: cmTC_145a4/fast] Error 2


File CheckSymbolExists.c:
/* */
#include <float.h>
#include <iconv.h>
#include <inttypes.h>
#include <limits.h>
#include <malloc.h>
#include <math.h>
#include <memory.h>
#include <signal.h>
#include <stdarg.h>
#include <stdbool.h>
#include <stddef.h>
#include <stdint.h>
#include <stdio.h>
#include <stdlib.h>
#include <string.h>
#include <strings.h>
#include <sys/types.h>
#include <time.h>
#include <wchar.h>

int main(int argc, char** argv)
{
  (void)argv;
#ifndef _ltoa
  return ((int*)(&_ltoa))[argc];
#else
  (void)argc;
  return 0;
#endif
}
Determining if the sqr exist failed with the following output:
Change Dir: /home/luo980/gits/cam_utils/build/CMakeFiles/CMakeScratch/TryCompile-S975F7

Run Build Command(s):/usr/bin/gmake -f Makefile cmTC_f7748/fast && /usr/bin/gmake  -f CMakeFiles/cmTC_f7748.dir/build.make CMakeFiles/cmTC_f7748.dir/build
gmake[1]: Entering directory '/home/luo980/gits/cam_utils/build/CMakeFiles/CMakeScratch/TryCompile-S975F7'
Building C object CMakeFiles/cmTC_f7748.dir/CheckSymbolExists.c.o
/usr/bin/cc   -D_GNU_SOURCE=1 -o CMakeFiles/cmTC_f7748.dir/CheckSymbolExists.c.o -c /home/luo980/gits/cam_utils/build/CMakeFiles/CMakeScratch/TryCompile-S975F7/CheckSymbolExists.c
/home/luo980/gits/cam_utils/build/CMakeFiles/CMakeScratch/TryCompile-S975F7/CheckSymbolExists.c: In function ‘main’:
/home/luo980/gits/cam_utils/build/CMakeFiles/CMakeScratch/TryCompile-S975F7/CheckSymbolExists.c:26:19: error: ‘sqr’ undeclared (first use in this function); did you mean ‘sqrt’?
   26 |   return ((int*)(&sqr))[argc];
      |                   ^~~
      |                   sqrt
/home/luo980/gits/cam_utils/build/CMakeFiles/CMakeScratch/TryCompile-S975F7/CheckSymbolExists.c:26:19: note: each undeclared identifier is reported only once for each function it appears in
gmake[1]: *** [CMakeFiles/cmTC_f7748.dir/build.make:78: CMakeFiles/cmTC_f7748.dir/CheckSymbolExists.c.o] Error 1
gmake[1]: Leaving directory '/home/luo980/gits/cam_utils/build/CMakeFiles/CMakeScratch/TryCompile-S975F7'
gmake: *** [Makefile:127: cmTC_f7748/fast] Error 2


File CheckSymbolExists.c:
/* */
#include <float.h>
#include <iconv.h>
#include <inttypes.h>
#include <limits.h>
#include <malloc.h>
#include <math.h>
#include <memory.h>
#include <signal.h>
#include <stdarg.h>
#include <stdbool.h>
#include <stddef.h>
#include <stdint.h>
#include <stdio.h>
#include <stdlib.h>
#include <string.h>
#include <strings.h>
#include <sys/types.h>
#include <time.h>
#include <wchar.h>

int main(int argc, char** argv)
{
  (void)argv;
#ifndef sqr
  return ((int*)(&sqr))[argc];
#else
  (void)argc;
  return 0;
#endif
}
Determining if the strlcat exist failed with the following output:
Change Dir: /home/luo980/gits/cam_utils/build/CMakeFiles/CMakeScratch/TryCompile-aBHKg0

Run Build Command(s):/usr/bin/gmake -f Makefile cmTC_96b64/fast && /usr/bin/gmake  -f CMakeFiles/cmTC_96b64.dir/build.make CMakeFiles/cmTC_96b64.dir/build
gmake[1]: Entering directory '/home/luo980/gits/cam_utils/build/CMakeFiles/CMakeScratch/TryCompile-aBHKg0'
Building C object CMakeFiles/cmTC_96b64.dir/CheckSymbolExists.c.o
/usr/bin/cc   -D_GNU_SOURCE=1 -o CMakeFiles/cmTC_96b64.dir/CheckSymbolExists.c.o -c /home/luo980/gits/cam_utils/build/CMakeFiles/CMakeScratch/TryCompile-aBHKg0/CheckSymbolExists.c
/home/luo980/gits/cam_utils/build/CMakeFiles/CMakeScratch/TryCompile-aBHKg0/CheckSymbolExists.c: In function ‘main’:
/home/luo980/gits/cam_utils/build/CMakeFiles/CMakeScratch/TryCompile-aBHKg0/CheckSymbolExists.c:26:19: error: ‘strlcat’ undeclared (first use in this function); did you mean ‘strncat’?
   26 |   return ((int*)(&strlcat))[argc];
      |                   ^~~~~~~
      |                   strncat
/home/luo980/gits/cam_utils/build/CMakeFiles/CMakeScratch/TryCompile-aBHKg0/CheckSymbolExists.c:26:19: note: each undeclared identifier is reported only once for each function it appears in
gmake[1]: *** [CMakeFiles/cmTC_96b64.dir/build.make:78: CMakeFiles/cmTC_96b64.dir/CheckSymbolExists.c.o] Error 1
gmake[1]: Leaving directory '/home/luo980/gits/cam_utils/build/CMakeFiles/CMakeScratch/TryCompile-aBHKg0'
gmake: *** [Makefile:127: cmTC_96b64/fast] Error 2


File CheckSymbolExists.c:
/* */
#include <float.h>
#include <iconv.h>
#include <inttypes.h>
#include <limits.h>
#include <malloc.h>
#include <math.h>
#include <memory.h>
#include <signal.h>
#include <stdarg.h>
#include <stdbool.h>
#include <stddef.h>
#include <stdint.h>
#include <stdio.h>
#include <stdlib.h>
#include <string.h>
#include <strings.h>
#include <sys/types.h>
#include <time.h>
#include <wchar.h>

int main(int argc, char** argv)
{
  (void)argv;
#ifndef strlcat
  return ((int*)(&strlcat))[argc];
#else
  (void)argc;
  return 0;
#endif
}
Determining if the strlcpy exist failed with the following output:
Change Dir: /home/luo980/gits/cam_utils/build/CMakeFiles/CMakeScratch/TryCompile-eloIbg

Run Build Command(s):/usr/bin/gmake -f Makefile cmTC_df341/fast && /usr/bin/gmake  -f CMakeFiles/cmTC_df341.dir/build.make CMakeFiles/cmTC_df341.dir/build
gmake[1]: Entering directory '/home/luo980/gits/cam_utils/build/CMakeFiles/CMakeScratch/TryCompile-eloIbg'
Building C object CMakeFiles/cmTC_df341.dir/CheckSymbolExists.c.o
/usr/bin/cc   -D_GNU_SOURCE=1 -o CMakeFiles/cmTC_df341.dir/CheckSymbolExists.c.o -c /home/luo980/gits/cam_utils/build/CMakeFiles/CMakeScratch/TryCompile-eloIbg/CheckSymbolExists.c
/home/luo980/gits/cam_utils/build/CMakeFiles/CMakeScratch/TryCompile-eloIbg/CheckSymbolExists.c: In function ‘main’:
/home/luo980/gits/cam_utils/build/CMakeFiles/CMakeScratch/TryCompile-eloIbg/CheckSymbolExists.c:26:19: error: ‘strlcpy’ undeclared (first use in this function); did you mean ‘strncpy’?
   26 |   return ((int*)(&strlcpy))[argc];
      |                   ^~~~~~~
      |                   strncpy
/home/luo980/gits/cam_utils/build/CMakeFiles/CMakeScratch/TryCompile-eloIbg/CheckSymbolExists.c:26:19: note: each undeclared identifier is reported only once for each function it appears in
gmake[1]: *** [CMakeFiles/cmTC_df341.dir/build.make:78: CMakeFiles/cmTC_df341.dir/CheckSymbolExists.c.o] Error 1
gmake[1]: Leaving directory '/home/luo980/gits/cam_utils/build/CMakeFiles/CMakeScratch/TryCompile-eloIbg'
gmake: *** [Makefile:127: cmTC_df341/fast] Error 2


File CheckSymbolExists.c:
/* */
#include <float.h>
#include <iconv.h>
#include <inttypes.h>
#include <limits.h>
#include <malloc.h>
#include <math.h>
#include <memory.h>
#include <signal.h>
#include <stdarg.h>
#include <stdbool.h>
#include <stddef.h>
#include <stdint.h>
#include <stdio.h>
#include <stdlib.h>
#include <string.h>
#include <strings.h>
#include <sys/types.h>
#include <time.h>
#include <wchar.h>

int main(int argc, char** argv)
{
  (void)argv;
#ifndef strlcpy
  return ((int*)(&strlcpy))[argc];
#else
  (void)argc;
  return 0;
#endif
}
Determining if the strnstr exist failed with the following output:
Change Dir: /home/luo980/gits/cam_utils/build/CMakeFiles/CMakeScratch/TryCompile-ZXSZiC

Run Build Command(s):/usr/bin/gmake -f Makefile cmTC_a856c/fast && /usr/bin/gmake  -f CMakeFiles/cmTC_a856c.dir/build.make CMakeFiles/cmTC_a856c.dir/build
gmake[1]: Entering directory '/home/luo980/gits/cam_utils/build/CMakeFiles/CMakeScratch/TryCompile-ZXSZiC'
Building C object CMakeFiles/cmTC_a856c.dir/CheckSymbolExists.c.o
/usr/bin/cc   -D_GNU_SOURCE=1 -o CMakeFiles/cmTC_a856c.dir/CheckSymbolExists.c.o -c /home/luo980/gits/cam_utils/build/CMakeFiles/CMakeScratch/TryCompile-ZXSZiC/CheckSymbolExists.c
/home/luo980/gits/cam_utils/build/CMakeFiles/CMakeScratch/TryCompile-ZXSZiC/CheckSymbolExists.c: In function ‘main’:
/home/luo980/gits/cam_utils/build/CMakeFiles/CMakeScratch/TryCompile-ZXSZiC/CheckSymbolExists.c:26:19: error: ‘strnstr’ undeclared (first use in this function); did you mean ‘strstr’?
   26 |   return ((int*)(&strnstr))[argc];
      |                   ^~~~~~~
      |                   strstr
/home/luo980/gits/cam_utils/build/CMakeFiles/CMakeScratch/TryCompile-ZXSZiC/CheckSymbolExists.c:26:19: note: each undeclared identifier is reported only once for each function it appears in
gmake[1]: *** [CMakeFiles/cmTC_a856c.dir/build.make:78: CMakeFiles/cmTC_a856c.dir/CheckSymbolExists.c.o] Error 1
gmake[1]: Leaving directory '/home/luo980/gits/cam_utils/build/CMakeFiles/CMakeScratch/TryCompile-ZXSZiC'
gmake: *** [Makefile:127: cmTC_a856c/fast] Error 2


File CheckSymbolExists.c:
/* */
#include <float.h>
#include <iconv.h>
#include <inttypes.h>
#include <limits.h>
#include <malloc.h>
#include <math.h>
#include <memory.h>
#include <signal.h>
#include <stdarg.h>
#include <stdbool.h>
#include <stddef.h>
#include <stdint.h>
#include <stdio.h>
#include <stdlib.h>
#include <string.h>
#include <strings.h>
#include <sys/types.h>
#include <time.h>
#include <wchar.h>

int main(int argc, char** argv)
{
  (void)argv;
#ifndef strnstr
  return ((int*)(&strnstr))[argc];
#else
  (void)argc;
  return 0;
#endif
}
Determining if the wcslcat exist failed with the following output:
Change Dir: /home/luo980/gits/cam_utils/build/CMakeFiles/CMakeScratch/TryCompile-1yzCXL

Run Build Command(s):/usr/bin/gmake -f Makefile cmTC_fe9c9/fast && /usr/bin/gmake  -f CMakeFiles/cmTC_fe9c9.dir/build.make CMakeFiles/cmTC_fe9c9.dir/build
gmake[1]: Entering directory '/home/luo980/gits/cam_utils/build/CMakeFiles/CMakeScratch/TryCompile-1yzCXL'
Building C object CMakeFiles/cmTC_fe9c9.dir/CheckSymbolExists.c.o
/usr/bin/cc   -D_GNU_SOURCE=1 -o CMakeFiles/cmTC_fe9c9.dir/CheckSymbolExists.c.o -c /home/luo980/gits/cam_utils/build/CMakeFiles/CMakeScratch/TryCompile-1yzCXL/CheckSymbolExists.c
/home/luo980/gits/cam_utils/build/CMakeFiles/CMakeScratch/TryCompile-1yzCXL/CheckSymbolExists.c: In function ‘main’:
/home/luo980/gits/cam_utils/build/CMakeFiles/CMakeScratch/TryCompile-1yzCXL/CheckSymbolExists.c:26:19: error: ‘wcslcat’ undeclared (first use in this function); did you mean ‘wcsncat’?
   26 |   return ((int*)(&wcslcat))[argc];
      |                   ^~~~~~~
      |                   wcsncat
/home/luo980/gits/cam_utils/build/CMakeFiles/CMakeScratch/TryCompile-1yzCXL/CheckSymbolExists.c:26:19: note: each undeclared identifier is reported only once for each function it appears in
gmake[1]: *** [CMakeFiles/cmTC_fe9c9.dir/build.make:78: CMakeFiles/cmTC_fe9c9.dir/CheckSymbolExists.c.o] Error 1
gmake[1]: Leaving directory '/home/luo980/gits/cam_utils/build/CMakeFiles/CMakeScratch/TryCompile-1yzCXL'
gmake: *** [Makefile:127: cmTC_fe9c9/fast] Error 2


File CheckSymbolExists.c:
/* */
#include <float.h>
#include <iconv.h>
#include <inttypes.h>
#include <limits.h>
#include <malloc.h>
#include <math.h>
#include <memory.h>
#include <signal.h>
#include <stdarg.h>
#include <stdbool.h>
#include <stddef.h>
#include <stdint.h>
#include <stdio.h>
#include <stdlib.h>
#include <string.h>
#include <strings.h>
#include <sys/types.h>
#include <time.h>
#include <wchar.h>

int main(int argc, char** argv)
{
  (void)argv;
#ifndef wcslcat
  return ((int*)(&wcslcat))[argc];
#else
  (void)argc;
  return 0;
#endif
}
Determining if the wcslcpy exist failed with the following output:
Change Dir: /home/luo980/gits/cam_utils/build/CMakeFiles/CMakeScratch/TryCompile-W0nCqm

Run Build Command(s):/usr/bin/gmake -f Makefile cmTC_62be6/fast && /usr/bin/gmake  -f CMakeFiles/cmTC_62be6.dir/build.make CMakeFiles/cmTC_62be6.dir/build
gmake[1]: Entering directory '/home/luo980/gits/cam_utils/build/CMakeFiles/CMakeScratch/TryCompile-W0nCqm'
Building C object CMakeFiles/cmTC_62be6.dir/CheckSymbolExists.c.o
/usr/bin/cc   -D_GNU_SOURCE=1 -o CMakeFiles/cmTC_62be6.dir/CheckSymbolExists.c.o -c /home/luo980/gits/cam_utils/build/CMakeFiles/CMakeScratch/TryCompile-W0nCqm/CheckSymbolExists.c
/home/luo980/gits/cam_utils/build/CMakeFiles/CMakeScratch/TryCompile-W0nCqm/CheckSymbolExists.c: In function ‘main’:
/home/luo980/gits/cam_utils/build/CMakeFiles/CMakeScratch/TryCompile-W0nCqm/CheckSymbolExists.c:26:19: error: ‘wcslcpy’ undeclared (first use in this function); did you mean ‘wcsncpy’?
   26 |   return ((int*)(&wcslcpy))[argc];
      |                   ^~~~~~~
      |                   wcsncpy
/home/luo980/gits/cam_utils/build/CMakeFiles/CMakeScratch/TryCompile-W0nCqm/CheckSymbolExists.c:26:19: note: each undeclared identifier is reported only once for each function it appears in
gmake[1]: *** [CMakeFiles/cmTC_62be6.dir/build.make:78: CMakeFiles/cmTC_62be6.dir/CheckSymbolExists.c.o] Error 1
gmake[1]: Leaving directory '/home/luo980/gits/cam_utils/build/CMakeFiles/CMakeScratch/TryCompile-W0nCqm'
gmake: *** [Makefile:127: cmTC_62be6/fast] Error 2


File CheckSymbolExists.c:
/* */
#include <float.h>
#include <iconv.h>
#include <inttypes.h>
#include <limits.h>
#include <malloc.h>
#include <math.h>
#include <memory.h>
#include <signal.h>
#include <stdarg.h>
#include <stdbool.h>
#include <stddef.h>
#include <stdint.h>
#include <stdio.h>
#include <stdlib.h>
#include <string.h>
#include <strings.h>
#include <sys/types.h>
#include <time.h>
#include <wchar.h>

int main(int argc, char** argv)
{
  (void)argv;
#ifndef wcslcpy
  return ((int*)(&wcslcpy))[argc];
#else
  (void)argc;
  return 0;
#endif
}
Determining if the sysctlbyname exist failed with the following output:
Change Dir: /home/luo980/gits/cam_utils/build/CMakeFiles/CMakeScratch/TryCompile-yp9kvj

Run Build Command(s):/usr/bin/gmake -f Makefile cmTC_f195e/fast && /usr/bin/gmake  -f CMakeFiles/cmTC_f195e.dir/build.make CMakeFiles/cmTC_f195e.dir/build
gmake[1]: Entering directory '/home/luo980/gits/cam_utils/build/CMakeFiles/CMakeScratch/TryCompile-yp9kvj'
Building C object CMakeFiles/cmTC_f195e.dir/CheckSymbolExists.c.o
/usr/bin/cc   -D_GNU_SOURCE=1 -o CMakeFiles/cmTC_f195e.dir/CheckSymbolExists.c.o -c /home/luo980/gits/cam_utils/build/CMakeFiles/CMakeScratch/TryCompile-yp9kvj/CheckSymbolExists.c
/home/luo980/gits/cam_utils/build/CMakeFiles/CMakeScratch/TryCompile-yp9kvj/CheckSymbolExists.c:3:10: fatal error: sys/sysctl.h: No such file or directory
    3 | #include <sys/sysctl.h>
      |          ^~~~~~~~~~~~~~
compilation terminated.
gmake[1]: *** [CMakeFiles/cmTC_f195e.dir/build.make:78: CMakeFiles/cmTC_f195e.dir/CheckSymbolExists.c.o] Error 1
gmake[1]: Leaving directory '/home/luo980/gits/cam_utils/build/CMakeFiles/CMakeScratch/TryCompile-yp9kvj'
gmake: *** [Makefile:127: cmTC_f195e/fast] Error 2


File CheckSymbolExists.c:
/* */
#include <sys/types.h>
#include <sys/sysctl.h>

int main(int argc, char** argv)
{
  (void)argv;
#ifndef sysctlbyname
  return ((int*)(&sysctlbyname))[argc];
#else
  (void)argc;
  return 0;
#endif
}
Determining if the elf_aux_info exist failed with the following output:
Change Dir: /home/luo980/gits/cam_utils/build/CMakeFiles/CMakeScratch/TryCompile-LylGh5

Run Build Command(s):/usr/bin/gmake -f Makefile cmTC_45136/fast && /usr/bin/gmake  -f CMakeFiles/cmTC_45136.dir/build.make CMakeFiles/cmTC_45136.dir/build
gmake[1]: Entering directory '/home/luo980/gits/cam_utils/build/CMakeFiles/CMakeScratch/TryCompile-LylGh5'
Building C object CMakeFiles/cmTC_45136.dir/CheckSymbolExists.c.o
/usr/bin/cc   -D_GNU_SOURCE=1 -o CMakeFiles/cmTC_45136.dir/CheckSymbolExists.c.o -c /home/luo980/gits/cam_utils/build/CMakeFiles/CMakeScratch/TryCompile-LylGh5/CheckSymbolExists.c
/home/luo980/gits/cam_utils/build/CMakeFiles/CMakeScratch/TryCompile-LylGh5/CheckSymbolExists.c: In function ‘main’:
/home/luo980/gits/cam_utils/build/CMakeFiles/CMakeScratch/TryCompile-LylGh5/CheckSymbolExists.c:8:19: error: ‘elf_aux_info’ undeclared (first use in this function)
    8 |   return ((int*)(&elf_aux_info))[argc];
      |                   ^~~~~~~~~~~~
/home/luo980/gits/cam_utils/build/CMakeFiles/CMakeScratch/TryCompile-LylGh5/CheckSymbolExists.c:8:19: note: each undeclared identifier is reported only once for each function it appears in
gmake[1]: *** [CMakeFiles/cmTC_45136.dir/build.make:78: CMakeFiles/cmTC_45136.dir/CheckSymbolExists.c.o] Error 1
gmake[1]: Leaving directory '/home/luo980/gits/cam_utils/build/CMakeFiles/CMakeScratch/TryCompile-LylGh5'
gmake: *** [Makefile:127: cmTC_45136/fast] Error 2


File CheckSymbolExists.c:
/* */
#include <sys/auxv.h>

int main(int argc, char** argv)
{
  (void)argv;
#ifndef elf_aux_info
  return ((int*)(&elf_aux_info))[argc];
#else
  (void)argc;
  return 0;
#endif
}
Performing C SOURCE FILE Test ICONV_IN_LIBICONV failed with the following output:
Change Dir: /home/luo980/gits/cam_utils/build/CMakeFiles/CMakeScratch/TryCompile-kiKFJo

Run Build Command(s):/usr/bin/gmake -f Makefile cmTC_40b4b/fast && /usr/bin/gmake  -f CMakeFiles/cmTC_40b4b.dir/build.make CMakeFiles/cmTC_40b4b.dir/build
gmake[1]: Entering directory '/home/luo980/gits/cam_utils/build/CMakeFiles/CMakeScratch/TryCompile-kiKFJo'
Building C object CMakeFiles/cmTC_40b4b.dir/src.c.o
/usr/bin/cc -DICONV_IN_LIBICONV  -D_GNU_SOURCE=1 -o CMakeFiles/cmTC_40b4b.dir/src.c.o -c /home/luo980/gits/cam_utils/build/CMakeFiles/CMakeScratch/TryCompile-kiKFJo/src.c
Linking C executable cmTC_40b4b
/usr/bin/cmake -E cmake_link_script CMakeFiles/cmTC_40b4b.dir/link.txt --verbose=1
/usr/bin/cc   -D_GNU_SOURCE=1 CMakeFiles/cmTC_40b4b.dir/src.c.o -o cmTC_40b4b  -liconv 
/usr/bin/ld: cannot find -liconv: No such file or directory
collect2: error: ld returned 1 exit status
gmake[1]: *** [CMakeFiles/cmTC_40b4b.dir/build.make:99: cmTC_40b4b] Error 1
gmake[1]: Leaving directory '/home/luo980/gits/cam_utils/build/CMakeFiles/CMakeScratch/TryCompile-kiKFJo'
gmake: *** [Makefile:127: cmTC_40b4b/fast] Error 2


Source file was:

        #include <stddef.h>
        #include <iconv.h>
        int main(int argc, char **argv) {
            return !iconv_open(NULL,NULL);
        }

Performing C SOURCE FILE Test LIBC_HAS_WORKING_LIBUNWIND failed with the following output:
Change Dir: /home/luo980/gits/cam_utils/build/CMakeFiles/CMakeScratch/TryCompile-O1yDsq

Run Build Command(s):/usr/bin/gmake -f Makefile cmTC_a958c/fast && /usr/bin/gmake  -f CMakeFiles/cmTC_a958c.dir/build.make CMakeFiles/cmTC_a958c.dir/build
gmake[1]: Entering directory '/home/luo980/gits/cam_utils/build/CMakeFiles/CMakeScratch/TryCompile-O1yDsq'
Building C object CMakeFiles/cmTC_a958c.dir/src.c.o
/usr/bin/cc -DLIBC_HAS_WORKING_LIBUNWIND  -D_GNU_SOURCE=1 -o CMakeFiles/cmTC_a958c.dir/src.c.o -c /home/luo980/gits/cam_utils/build/CMakeFiles/CMakeScratch/TryCompile-O1yDsq/src.c
Linking C executable cmTC_a958c
/usr/bin/cmake -E cmake_link_script CMakeFiles/cmTC_a958c.dir/link.txt --verbose=1
/usr/bin/cc   -D_GNU_SOURCE=1 CMakeFiles/cmTC_a958c.dir/src.c.o -o cmTC_a958c 
/usr/bin/ld: CMakeFiles/cmTC_a958c.dir/src.c.o: in function `ret18':
src.c:(.text+0x78): undefined reference to `_Uaarch64_step'
/usr/bin/ld: src.c:(.text+0x8c): undefined reference to `_Uaarch64_get_reg'
/usr/bin/ld: src.c:(.text+0xa4): undefined reference to `_Uaarch64_get_proc_name'
collect2: error: ld returned 1 exit status
gmake[1]: *** [CMakeFiles/cmTC_a958c.dir/build.make:99: cmTC_a958c] Error 1
gmake[1]: Leaving directory '/home/luo980/gits/cam_utils/build/CMakeFiles/CMakeScratch/TryCompile-O1yDsq'
gmake: *** [Makefile:127: cmTC_a958c/fast] Error 2


Source file was:
      #include <libunwind.h>
      int main(int argc, char *argv[]) {
        (void)argc; (void)argv;
        unw_context_t context;
        unw_cursor_t cursor;
        unw_word_t pc;
        char sym[256];
        unw_word_t offset;
        unw_getcontext(&context);
        unw_step(&cursor);
        unw_get_reg(&cursor, UNW_REG_IP, &pc);
        unw_get_proc_name(&cursor, sym, sizeof(sym), &offset);
        return 0;
      }

Performing C SOURCE FILE Test LIBUNWIND_HAS_WORKINGLIBUNWIND failed with the following output:
Change Dir: /home/luo980/gits/cam_utils/build/CMakeFiles/CMakeScratch/TryCompile-WWyVNy

Run Build Command(s):/usr/bin/gmake -f Makefile cmTC_2a956/fast && /usr/bin/gmake  -f CMakeFiles/cmTC_2a956.dir/build.make CMakeFiles/cmTC_2a956.dir/build
gmake[1]: Entering directory '/home/luo980/gits/cam_utils/build/CMakeFiles/CMakeScratch/TryCompile-WWyVNy'
Building C object CMakeFiles/cmTC_2a956.dir/src.c.o
/usr/bin/cc -DLIBUNWIND_HAS_WORKINGLIBUNWIND  -D_GNU_SOURCE=1 -o CMakeFiles/cmTC_2a956.dir/src.c.o -c /home/luo980/gits/cam_utils/build/CMakeFiles/CMakeScratch/TryCompile-WWyVNy/src.c
Linking C executable cmTC_2a956
/usr/bin/cmake -E cmake_link_script CMakeFiles/cmTC_2a956.dir/link.txt --verbose=1
/usr/bin/cc   -D_GNU_SOURCE=1 CMakeFiles/cmTC_2a956.dir/src.c.o -o cmTC_2a956  -lunwind 
/usr/bin/ld: CMakeFiles/cmTC_2a956.dir/src.c.o: in function `ret18':
src.c:(.text+0x78): undefined reference to `_Uaarch64_step'
/usr/bin/ld: src.c:(.text+0x8c): undefined reference to `_Uaarch64_get_reg'
/usr/bin/ld: src.c:(.text+0xa4): undefined reference to `_Uaarch64_get_proc_name'
collect2: error: ld returned 1 exit status
gmake[1]: *** [CMakeFiles/cmTC_2a956.dir/build.make:99: cmTC_2a956] Error 1
gmake[1]: Leaving directory '/home/luo980/gits/cam_utils/build/CMakeFiles/CMakeScratch/TryCompile-WWyVNy'
gmake: *** [Makefile:127: cmTC_2a956/fast] Error 2


Source file was:
      #include <libunwind.h>
      int main(int argc, char *argv[]) {
        (void)argc; (void)argv;
        unw_context_t context;
        unw_cursor_t cursor;
        unw_word_t pc;
        char sym[256];
        unw_word_t offset;
        unw_getcontext(&context);
        unw_step(&cursor);
        unw_get_reg(&cursor, UNW_REG_IP, &pc);
        unw_get_proc_name(&cursor, sym, sizeof(sym), &offset);
        return 0;
      }

Determining if the include file pthread_np.h exists failed with the following output:
Change Dir: /home/luo980/gits/cam_utils/build/CMakeFiles/CMakeScratch/TryCompile-CXCqam

Run Build Command(s):/usr/bin/gmake -f Makefile cmTC_f9b8a/fast && /usr/bin/gmake  -f CMakeFiles/cmTC_f9b8a.dir/build.make CMakeFiles/cmTC_f9b8a.dir/build
gmake[1]: Entering directory '/home/luo980/gits/cam_utils/build/CMakeFiles/CMakeScratch/TryCompile-CXCqam'
Building C object CMakeFiles/cmTC_f9b8a.dir/CheckIncludeFile.c.o
/usr/bin/cc   -D_GNU_SOURCE=1 -D_REENTRANT -pthread -o CMakeFiles/cmTC_f9b8a.dir/CheckIncludeFile.c.o -c /home/luo980/gits/cam_utils/build/CMakeFiles/CMakeScratch/TryCompile-CXCqam/CheckIncludeFile.c
/home/luo980/gits/cam_utils/build/CMakeFiles/CMakeScratch/TryCompile-CXCqam/CheckIncludeFile.c:1:10: fatal error: pthread_np.h: No such file or directory
    1 | #include <pthread_np.h>
      |          ^~~~~~~~~~~~~~
compilation terminated.
gmake[1]: *** [CMakeFiles/cmTC_f9b8a.dir/build.make:78: CMakeFiles/cmTC_f9b8a.dir/CheckIncludeFile.c.o] Error 1
gmake[1]: Leaving directory '/home/luo980/gits/cam_utils/build/CMakeFiles/CMakeScratch/TryCompile-CXCqam'
gmake: *** [Makefile:127: cmTC_f9b8a/fast] Error 2



